TotalChans=3
ModelNumber=HPHT
SerialNumber=E139
VersionNumber=900
CalibrationDate=08/08/2011
MaximumPressure=16000
LinearAdjustment=1.03
LinearOffset=1.0
CalibrationSampleRate=4
CurrentSampleRate=16
[Data]
POR, 44229.57987112, 16
 -2.5432,	  0.0000,	 26.7954,	
-2.4729, 0.0000, 26.8081,
-3.7913, 0.0000, 26.8631,
-5.4778, 0.0000, 27.1240,
-6.6858, 0.0000, 27.6003,
-7.4690, 0.0000, 28.2592,
-8.3147, 0.0000, 29.0888,
-9.1565, 0.0000, 30.0834,
-9.8157, 0.0000, 31.2294,
-10.3313, 0.0000, 32.5132,
-10.9622, 0.0000, 33.9122,
-11.4622, 0.0000, 35.4219,
-11.9837, 0.0000, 37.0271,
-12.2678, 0.0000, 38.7214,
-12.4573, 0.0000, 40.4884,
-12.1389, 0.0000, 42.2710,
-11.7454, 0.0000, 44.0480,
-11.4270, 0.0000, 45.8080,
-11.0940, 0.0000, 47.5403,
-10.7473, 0.0000, 49.2443,
-10.3596, 0.0000, 50.9156,
-10.0550, 0.0000, 52.5437,
-9.6829, 0.0000, 54.1286,
-9.2952, 0.0000, 55.6689,
-8.9573, 0.0000, 57.1661,
-8.5540, 0.0000, 58.6207,
-8.1643, 0.0000, 60.0320,
-7.9397, 0.0000, 61.3962,
-7.6419, 0.0000, 62.7128,
-7.3411, 0.0000, 63.9847,
-7.1077, 0.0000, 65.2185,
-6.7766, 0.0000, 66.4085,
-6.5471, 0.0000, 67.5570,
-6.2405, 0.0000, 68.6650,
-5.9885, 0.0000, 69.7323,
-5.7385, 0.0000, 70.7578,
-5.4358, 0.0000, 71.7474,
-5.1926, 0.0000, 72.6999,
-5.0159, 0.0000, 73.6164,
-4.8323, 0.0000, 74.5012,
-4.6790, 0.0000, 75.3529,
-4.4680, 0.0000, 76.1751,
-4.2434, 0.0000, 76.9619,
-4.0833, 0.0000, 77.7191,
-3.9622, 0.0000, 78.4478,
-3.7717, 0.0000, 79.1467,
-3.6116, 0.0000, 79.8194,
-3.4524, 0.0000, 80.4670,
-3.3225, 0.0000, 81.0904,
-3.1907, 0.0000, 81.6870,
-3.0423, 0.0000, 82.2617,
-2.9641, 0.0000, 82.8152,
-2.8274, 0.0000, 83.3462,
-2.7229, 0.0000, 83.8551,
-2.6341, 0.0000, 84.3464,
-2.5149, 0.0000, 84.8167,
-2.4104, 0.0000, 85.2672,
-2.3294, 0.0000, 85.7001,
-2.2356, 0.0000, 86.1164,
-2.1839, 0.0000, 86.5158,
-2.0891, 0.0000, 86.9005,
-2.0100, 0.0000, 87.2709,
-1.9212, 0.0000, 87.6257,
-1.8645, 0.0000, 87.9658,
-1.7952, 0.0000, 88.2936,
-1.7385, 0.0000, 88.6073,
-1.6467, 0.0000, 88.9085,
-1.5725, 0.0000, 89.1970,
-1.5393, 0.0000, 89.4763,
-1.4641, 0.0000, 89.7450,
-1.4397, 0.0000, 90.0035,
-1.3958, 0.0000, 90.2516,
-1.3372, 0.0000, 90.4902,
-1.2962, 0.0000, 90.7198,
-1.2503, 0.0000, 90.9405,
-1.1653, 0.0000, 91.1524,
-1.1497, 0.0000, 91.3557,
-1.1009, 0.0000, 91.5505,
-1.0530, 0.0000, 91.7376,
-1.0227, 0.0000, 91.9180,
-0.9876, 0.0000, 92.0905,
-0.9661, 0.0000, 92.2574,
-0.9251, 0.0000, 92.4185,
-0.8782, 0.0000, 92.5738,
-0.8509, 0.0000, 92.7217,
-0.8303, 0.0000, 92.8647,
-0.8147, 0.0000, 93.0025,
-0.7981, 0.0000, 93.1364,
-0.7503, 0.0000, 93.2654,
-0.7229, 0.0000, 93.3875,
-0.7063, 0.0000, 93.5065,
-0.6790, 0.0000, 93.6207,
-0.6634, 0.0000, 93.7310,
-0.6546, 0.0000, 93.8363,
-0.6370, 0.0000, 93.9383,
-0.6057, 0.0000, 94.0354,
-0.5930, 0.0000, 94.1297,
-0.5735, 0.0000, 94.2212,
-0.5344, 0.0000, 94.3094,
-0.5071, 0.0000, 94.3929,
-0.4954, 0.0000, 94.4727,
-0.5130, 0.0000, 94.5518,
-0.5042, 0.0000, 94.6280,
-0.4778, 0.0000, 94.7013,
-0.4524, 0.0000, 94.7726,
-0.4378, 0.0000, 94.8401,
-0.4505, 0.0000, 94.9066,
-0.4446, 0.0000, 94.9720,
-0.4241, 0.0000, 95.0332,
-0.4202, 0.0000, 95.0934,
-0.3811, 0.0000, 95.1509,
-0.3850, 0.0000, 95.2059,
-0.3792, 0.0000, 95.2597,
-0.3645, 0.0000, 95.3106,
-0.3567, 0.0000, 95.3602,
-0.3509, 0.0000, 95.4084,
-0.3430, 0.0000, 95.4547,
-0.3245, 0.0000, 95.5000,
-0.3294, 0.0000, 95.5432,
-0.3206, 0.0000, 95.5860,
-0.4651, 0.0000, 95.6276,
-2.4114, 0.0000, 95.7397,
-4.4934, 0.0000, 96.0222,
-5.9993, 0.0000, 96.4711,
-6.9397, 0.0000, 97.0629,
-7.5051, 0.0000, 97.7852,
-7.9553, 0.0000, 98.6272,
-7.9641, 0.0000, 99.5686,
-8.1594, 0.0000, 100.6008,
-7.6233, 0.0000, 101.7092,
-6.5374, 0.0000, 102.8581,
-5.1028, 0.0000, 104.0135,
-4.2132, 0.0000, 105.1685,
-3.2278, 0.0000, 106.3224,
-2.2678, 0.0000, 107.4662,
-1.2835, 0.0000, 108.5997,
-0.3626, 0.0000, 109.7183,
0.5085, 0.0000, 110.8171,
1.3269, 0.0000, 111.8954,
2.0603, 0.0000, 112.9539,
2.8288, 0.0000, 113.9810,
3.4822, 0.0000, 114.9796,
3.9753, 0.0000, 115.9547,
4.6648, 0.0000, 116.9034,
5.0544, 0.0000, 117.8261,
5.3533, 0.0000, 118.7211,
5.7156, 0.0000, 119.5855,
6.1052, 0.0000, 120.4230,
6.5222, 0.0000, 121.2361,
6.8591, 0.0000, 122.0204,
7.0534, 0.0000, 122.7773,
7.2214, 0.0000, 123.5091,
7.3630, 0.0000, 124.2169,
7.5896, 0.0000, 124.9004,
7.7888, 0.0000, 125.5588,
7.8406, 0.0000, 126.1964,
8.0710, 0.0000, 126.8113,
8.2146, 0.0000, 127.4009,
8.2126, 0.0000, 127.9726,
8.3034, 0.0000, 128.5250,
8.4099, 0.0000, 129.0575,
8.4558, 0.0000, 129.5713,
8.4724, 0.0000, 130.0646,
8.4450, 0.0000, 130.5405,
8.4519, 0.0000, 131.0021,
8.5202, 0.0000, 131.4462,
8.5769, 0.0000, 131.8739,
8.5935, 0.0000, 132.2850,
8.5974, 0.0000, 132.6823,
8.5798, 0.0000, 133.0667,
8.5622, 0.0000, 133.4390,
8.6638, 0.0000, 133.7964,
8.6931, 0.0000, 134.1399,
8.7478, 0.0000, 134.4699,
8.7732, 0.0000, 134.7866,
8.7556, 0.0000, 135.0902,
8.6931, 0.0000, 135.3858,
8.7341, 0.0000, 135.6719,
8.7624, 0.0000, 135.9452,
8.7859, 0.0000, 136.2093,
8.7820, 0.0000, 136.4642,
8.8230, 0.0000, 136.7113,
8.8474, 0.0000, 136.9485,
8.8318, 0.0000, 137.1773,
8.8074, 0.0000, 137.3993,
8.8669, 0.0000, 137.6140,
8.9314, 0.0000, 137.8197,
8.9421, 0.0000, 138.0191,
8.9763, 0.0000, 138.2092,
8.9558, 0.0000, 138.3930,
8.9245, 0.0000, 138.5714,
8.9382, 0.0000, 138.7430,
8.9743, 0.0000, 138.9059,
8.9704, 0.0000, 139.0630,
8.9782, 0.0000, 139.2133,
8.9519, 0.0000, 139.3616,
8.9870, 0.0000, 139.5050,
9.0339, 0.0000, 139.6415,
9.0613, 0.0000, 139.7720,
9.0115, 0.0000, 139.8983,
9.0398, 0.0000, 140.0202,
8.9704, 0.0000, 140.1383,
9.0241, 0.0000, 140.2527,
9.0681, 0.0000, 140.3615,
9.0779, 0.0000, 140.4657,
8.9890, 0.0000, 140.5689,
8.9988, 0.0000, 140.6700,
9.0105, 0.0000, 140.7683,
9.0339, 0.0000, 140.8627,
9.0398, 0.0000, 140.9543,
9.1042, 0.0000, 141.0405,
9.0896, 0.0000, 141.1238,
9.0954, 0.0000, 141.2058,
9.1013, 0.0000, 141.2836,
9.1032, 0.0000, 141.3579,
9.0671, 0.0000, 141.4315,
9.0574, 0.0000, 141.5038,
9.0593, 0.0000, 141.5722,
9.0505, 0.0000, 141.6391,
9.1072, 0.0000, 141.7048,
9.0925, 0.0000, 141.7669,
9.0632, 0.0000, 141.8287,
9.0847, 0.0000, 141.8896,
9.0876, 0.0000, 141.9478,
9.0759, 0.0000, 142.0055,
9.1101, 0.0000, 142.0612,
9.1218, 0.0000, 142.1149,
9.1208, 0.0000, 142.1676,
9.1296, 0.0000, 142.2168,
9.1101, 0.0000, 142.2660,
9.1140, 0.0000, 142.3139,
9.1296, 0.0000, 142.3591,
9.1501, 0.0000, 142.4029,
9.1570, 0.0000, 142.4453,
9.1853, 0.0000, 142.4851,
9.1726, 0.0000, 142.5254,
9.1657, 0.0000, 142.5633,
9.1111, 0.0000, 142.6006,
9.1394, 0.0000, 142.6370,
9.1003, 0.0000, 142.6714,
9.1335, 0.0000, 142.7065,
9.1423, 0.0000, 142.7386,
9.1609, 0.0000, 142.7697,
9.1814, 0.0000, 142.7994,
9.1589, 0.0000, 142.8300,
9.1179, 0.0000, 142.8603,
9.1716, 0.0000, 142.8887,
9.1472, 0.0000, 142.9171,
9.1247, 0.0000, 142.9453,
9.1579, 0.0000, 142.9723,
9.2077, 0.0000, 142.9964,
9.2253, 0.0000, 143.0191,
9.2419, 0.0000, 143.0410,
9.2185, 0.0000, 143.0626,
9.1413, 0.0000, 143.0867,
9.1325, 0.0000, 143.1095,
9.1579, 0.0000, 143.1324,
9.1462, 0.0000, 143.1552,
9.1189, 0.0000, 143.1793,
9.1101, 0.0000, 143.2000,
9.1072, 0.0000, 143.2225,
9.1208, 0.0000, 143.2431,
9.1062, 0.0000, 143.2640,
9.1081, 0.0000, 143.2835,
9.0827, 0.0000, 143.3040,
9.1042, 0.0000, 143.3241,
9.0779, 0.0000, 143.3405,
9.0613, 0.0000, 143.3572,
9.0759, 0.0000, 143.3733,
9.0505, 0.0000, 143.3882,
9.0515, 0.0000, 143.4034,
9.0759, 0.0000, 143.4169,
9.0730, 0.0000, 143.4314,
9.0583, 0.0000, 143.4457,
9.0427, 0.0000, 143.4603,
9.0398, 0.0000, 143.4753,
9.0515, 0.0000, 143.4885,
9.0642, 0.0000, 143.5006,
9.0329, 0.0000, 143.5132,
9.0261, 0.0000, 143.5263,
9.0144, 0.0000, 143.5384,
9.0525, 0.0000, 143.5509,
9.0271, 0.0000, 143.5635,
9.0437, 0.0000, 143.5753,
9.0437, 0.0000, 143.5862,
9.0554, 0.0000, 143.5963,
9.0515, 0.0000, 143.6068,
9.0447, 0.0000, 143.6161,
9.0085, 0.0000, 143.6282,
9.0378, 0.0000, 143.6386,
9.0222, 0.0000, 143.6466,
9.0134, 0.0000, 143.6563,
9.0202, 0.0000, 143.6658,
9.0359, 0.0000, 143.6753,
8.9890, 0.0000, 143.6846,
9.0066, 0.0000, 143.6940,
8.9939, 0.0000, 143.7034,
8.9851, 0.0000, 143.7126,
8.9831, 0.0000, 143.7216,
8.9558, 0.0000, 143.7314,
8.9255, 0.0000, 143.7408,
8.9597, 0.0000, 143.7493,
8.9441, 0.0000, 143.7573,
8.9490, 0.0000, 143.7659,
8.9597, 0.0000, 143.7729,
8.9265, 0.0000, 143.7801,
8.9148, 0.0000, 143.7873,
8.9197, 0.0000, 143.7951,
8.9392, 0.0000, 143.8029,
8.9343, 0.0000, 143.8089,
8.9226, 0.0000, 143.8165,
8.9353, 0.0000, 143.8239,
8.9118, 0.0000, 143.8305,
8.9265, 0.0000, 143.8369,
8.9079, 0.0000, 143.8424,
8.8943, 0.0000, 143.8492,
8.9040, 0.0000, 143.8549,
8.9187, 0.0000, 143.8620,
8.9138, 0.0000, 143.8688,
8.9021, 0.0000, 143.8763,
8.9128, 0.0000, 143.8840,
8.9031, 0.0000, 143.8901,
8.9245, 0.0000, 143.8959,
8.8825, 0.0000, 143.9023,
8.8806, 0.0000, 143.9091,
8.8855, 0.0000, 143.9136,
8.8708, 0.0000, 143.9191,
8.8699, 0.0000, 143.9232,
8.8513, 0.0000, 143.9276,
8.8064, 0.0000, 143.9330,
8.8093, 0.0000, 143.9381,
8.8161, 0.0000, 143.9434,
8.7966, 0.0000, 143.9480,
8.8054, 0.0000, 143.9525,
8.8132, 0.0000, 143.9568,
8.8298, 0.0000, 143.9602,
8.8425, 0.0000, 143.9644,
8.8640, 0.0000, 143.9668,
8.8601, 0.0000, 143.9688,
8.8249, 0.0000, 143.9724,
8.8152, 0.0000, 143.9761,
8.8396, 0.0000, 143.9798,
8.8825, 0.0000, 143.9809,
8.8308, 0.0000, 143.9831,
8.8152, 0.0000, 143.9862,
8.8142, 0.0000, 143.9892,
8.8308, 0.0000, 143.9931,
8.8327, 0.0000, 143.9961,
8.7917, 0.0000, 143.9993,
8.7839, 0.0000, 144.0032,
8.8005, 0.0000, 144.0062,
8.8249, 0.0000, 144.0091,
8.7722, 0.0000, 144.0119,
8.7214, 0.0000, 144.0171,
8.7449, 0.0000, 144.0225,
8.7058, 0.0000, 144.0276,
8.6824, 0.0000, 144.0336,
8.6687, 0.0000, 144.0389,
8.7009, 0.0000, 144.0439,
8.6882, 0.0000, 144.0465,
8.6736, 0.0000, 144.0504,
8.6814, 0.0000, 144.0556,
8.6902, 0.0000, 144.0603,
8.7068, 0.0000, 144.0643,
8.7165, 0.0000, 144.0684,
8.7468, 0.0000, 144.0720,
8.7595, 0.0000, 144.0730,
8.7429, 0.0000, 144.0750,
8.7282, 0.0000, 144.0783,
8.7273, 0.0000, 144.0810,
8.7419, 0.0000, 144.0823,
8.7497, 0.0000, 144.0840,
8.7156, 0.0000, 144.0869,
8.6589, 0.0000, 144.0907,
8.6657, 0.0000, 144.0939,
8.6794, 0.0000, 144.0968,
8.6247, 0.0000, 144.1024,
8.6687, 0.0000, 144.1066,
8.6531, 0.0000, 144.1098,
8.6755, 0.0000, 144.1123,
8.6804, 0.0000, 144.1144,
8.6638, 0.0000, 144.1165,
8.6833, 0.0000, 144.1171,
8.6863, 0.0000, 144.1186,
8.7146, 0.0000, 144.1199,
8.7273, 0.0000, 144.1208,
8.7048, 0.0000, 144.1208,
8.6794, 0.0000, 144.1221,
8.7146, 0.0000, 144.1231,
8.6667, 0.0000, 144.1246,
8.6618, 0.0000, 144.1268,
8.6218, 0.0000, 144.1299,
8.6423, 0.0000, 144.1335,
8.6677, 0.0000, 144.1373,
8.7195, 0.0000, 144.1380,
8.6990, 0.0000, 144.1376,
8.6745, 0.0000, 144.1388,
8.6189, 0.0000, 144.1417,
8.6413, 0.0000, 144.1445,
8.6316, 0.0000, 144.1477,
8.6560, 0.0000, 144.1509,
8.6863, 0.0000, 144.1534,
8.6804, 0.0000, 144.1547,
8.6423, 0.0000, 144.1580,
8.6384, 0.0000, 144.1622,
8.6472, 0.0000, 144.1662,
8.6511, 0.0000, 144.1685,
8.6677, 0.0000, 144.1706,
8.6833, 0.0000, 144.1728,
8.6550, 0.0000, 144.1756,
8.6999, 0.0000, 144.1779,
8.6589, 0.0000, 144.1799,
8.6423, 0.0000, 144.1838,
8.6238, 0.0000, 144.1881,
8.6501, 0.0000, 144.1911,
8.6531, 0.0000, 144.1937,
8.6697, 0.0000, 144.1955,
8.6960, 0.0000, 144.1974,
8.6999, 0.0000, 144.1974,
8.6667, 0.0000, 144.1997,
8.6609, 0.0000, 144.2024,
8.6511, 0.0000, 144.2046,
8.6579, 0.0000, 144.2065,
8.6716, 0.0000, 144.2082,
8.6472, 0.0000, 144.2108,
8.6296, 0.0000, 144.2140,
8.6316, 0.0000, 144.2168,
8.6413, 0.0000, 144.2186,
8.6482, 0.0000, 144.2186,
8.6306, 0.0000, 144.2198,
8.6042, 0.0000, 144.2210,
8.5984, 0.0000, 144.2234,
8.6462, 0.0000, 144.2242,
8.6052, 0.0000, 144.2247,
8.5769, 0.0000, 144.2252,
8.5730, 0.0000, 144.2275,
8.6179, 0.0000, 144.2285,
8.5603, 0.0000, 144.2307,
8.5534, 0.0000, 144.2336,
8.5681, 0.0000, 144.2357,
8.5671, 0.0000, 144.2374,
8.5593, 0.0000, 144.2380,
8.5349, 0.0000, 144.2392,
8.5027, 0.0000, 144.2423,
8.5193, 0.0000, 144.2445,
8.5202, 0.0000, 144.2480,
8.5388, 0.0000, 144.2508,
8.5388, 0.0000, 144.2522,
8.5173, 0.0000, 144.2554,
8.5320, 0.0000, 144.2585,
8.5241, 0.0000, 144.2634,
8.5144, 0.0000, 144.2665,
8.4997, 0.0000, 144.2688,
8.4734, 0.0000, 144.2722,
8.4831, 0.0000, 144.2755,
8.4997, 0.0000, 144.2785,
8.4939, 0.0000, 144.2806,
8.4636, 0.0000, 144.2833,
8.4480, 0.0000, 144.2861,
8.4402, 0.0000, 144.2896,
8.4363, 0.0000, 144.2921,
8.4421, 0.0000, 144.2946,
8.4558, 0.0000, 144.2966,
8.4529, 0.0000, 144.2991,
8.4841, 0.0000, 144.3010,
8.4763, 0.0000, 144.3018,
8.4568, 0.0000, 144.3043,
8.4626, 0.0000, 144.3075,
8.4294, 0.0000, 144.3104,
8.4206, 0.0000, 144.3139,
8.4236, 0.0000, 144.3163,
8.3923, 0.0000, 144.3203,
8.3689, 0.0000, 144.3250,
8.3591, 0.0000, 144.3301,
8.3933, 0.0000, 144.3329,
8.3796, 0.0000, 144.3359,
8.3796, 0.0000, 144.3387,
8.3552, 0.0000, 144.3418,
8.3845, 0.0000, 144.3452,
8.3796, 0.0000, 144.3481,
8.3318, 0.0000, 144.3519,
8.3279, 0.0000, 144.3550,
8.3396, 0.0000, 144.3575,
8.3337, 0.0000, 144.3610,
8.3327, 0.0000, 144.3639,
8.3425, 0.0000, 144.3663,
8.3240, 0.0000, 144.3689,
8.3327, 0.0000, 144.3729,
8.3288, 0.0000, 144.3763,
8.3357, 0.0000, 144.3795,
8.3005, 0.0000, 144.3818,
8.3122, 0.0000, 144.3842,
8.2995, 0.0000, 144.3872,
8.3083, 0.0000, 144.3902,
8.3347, 0.0000, 144.3908,
8.3230, 0.0000, 144.3934,
8.3142, 0.0000, 144.3958,
8.3406, 0.0000, 144.3975,
8.3259, 0.0000, 144.3980,
8.3288, 0.0000, 144.3997,
8.3171, 0.0000, 144.4014,
8.3288, 0.0000, 144.4033,
8.3386, 0.0000, 144.4042,
8.3191, 0.0000, 144.4037,
8.3220, 0.0000, 144.4047,
8.2888, 0.0000, 144.4042,
8.2449, 0.0000, 144.4057,
8.2429, 0.0000, 144.4095,
8.2517, 0.0000, 144.4117,
8.2458, 0.0000, 144.4136,
8.2458, 0.0000, 144.4155,
8.2370, 0.0000, 144.4163,
8.2038, 0.0000, 144.4179,
8.2058, 0.0000, 144.4200,
8.2087, 0.0000, 144.4221,
8.2370, 0.0000, 144.4231,
8.2302, 0.0000, 144.4229,
8.2165, 0.0000, 144.4230,
8.2029, 0.0000, 144.4247,
8.2068, 0.0000, 144.4247,
8.1824, 0.0000, 144.4255,
8.1784, 0.0000, 144.4276,
8.1599, 0.0000, 144.4305,
8.1853, 0.0000, 144.4330,
8.1736, 0.0000, 144.4352,
8.1970, 0.0000, 144.4373,
8.2156, 0.0000, 144.4378,
8.2312, 0.0000, 144.4387,
8.2048, 0.0000, 144.4393,
8.1872, 0.0000, 144.4422,
8.2175, 0.0000, 144.4435,
8.1452, 0.0000, 144.4459,
8.1589, 0.0000, 144.4502,
8.1697, 0.0000, 144.4529,
8.1843, 0.0000, 144.4548,
8.1921, 0.0000, 144.4576,
8.1950, 0.0000, 144.4601,
8.1794, 0.0000, 144.4631,
8.2087, 0.0000, 144.4659,
8.2146, 0.0000, 144.4684,
8.2058, 0.0000, 144.4709,
8.2107, 0.0000, 144.4738,
8.2058, 0.0000, 144.4755,
8.1745, 0.0000, 144.4785,
8.2214, 0.0000, 144.4806,
8.2146, 0.0000, 144.4822,
8.1745, 0.0000, 144.4861,
8.1589, 0.0000, 144.4901,
8.1531, 0.0000, 144.4935,
8.1482, 0.0000, 144.4957,
8.1521, 0.0000, 144.4978,
8.1531, 0.0000, 144.4988,
8.1794, 0.0000, 144.4997,
8.1413, 0.0000, 144.5016,
8.1609, 0.0000, 144.5031,
8.1638, 0.0000, 144.5028,
8.1345, 0.0000, 144.5057,
8.1472, 0.0000, 144.5080,
8.1247, 0.0000, 144.5116,
8.1277, 0.0000, 144.5141,
8.1579, 0.0000, 144.5166,
8.1755, 0.0000, 144.5182,
8.1628, 0.0000, 144.5203,
8.1540, 0.0000, 144.5235,
8.1570, 0.0000, 144.5256,
8.1579, 0.0000, 144.5269,
8.1638, 0.0000, 144.5291,
8.1775, 0.0000, 144.5294,
8.1882, 0.0000, 144.5293,
8.0984, 0.0000, 144.5316,
8.0954, 0.0000, 144.5346,
8.1081, 0.0000, 144.5374,
8.1296, 0.0000, 144.5369,
8.1384, 0.0000, 144.5368,
8.1355, 0.0000, 144.5364,
8.1472, 0.0000, 144.5383,
8.1482, 0.0000, 144.5393,
8.1618, 0.0000, 144.5403,
8.1648, 0.0000, 144.5414,
8.2995, 0.0000, 144.5413,
8.8513, 0.0000, 144.5182,
9.1863, 0.0000, 144.4487,
9.2556, 0.0000, 144.3336,
9.1003, 0.0000, 144.1771,
8.7917, 0.0000, 143.9823,
8.3923, 0.0000, 143.7535,
7.9490, 0.0000, 143.4923,
7.5398, 0.0000, 143.2021,
7.0857, 0.0000, 142.8849,
6.6716, 0.0000, 142.5415,
6.2634, 0.0000, 142.1766,
5.7908, 0.0000, 141.7895,
5.4206, 0.0000, 141.3830,
4.9802, 0.0000, 140.9598,
4.6199, 0.0000, 140.5191,
4.2390, 0.0000, 140.0635,
3.9128, 0.0000, 139.5948,
3.5827, 0.0000, 139.1120,
3.2986, 0.0000, 138.6181,
3.0359, 0.0000, 138.1149,
2.7976, 0.0000, 137.5998,
2.5456, 0.0000, 137.0748,
2.1941, 0.0000, 136.5432,
1.9636, 0.0000, 136.0043,
1.7409, 0.0000, 135.4591,
1.5661, 0.0000, 134.9075,
1.4636, 0.0000, 134.3507,
1.3279, 0.0000, 133.7910,
1.2048, 0.0000, 133.2233,
1.1355, 0.0000, 132.6532,
0.9822, 0.0000, 132.0807,
0.8865, 0.0000, 131.5052,
0.8767, 0.0000, 130.9282,
0.7488, 0.0000, 130.3492,
0.6921, 0.0000, 129.7686,
0.6531, 0.0000, 129.1862,
0.5622, 0.0000, 128.6035,
0.4714, 0.0000, 128.0220,
0.4089, 0.0000, 127.4402,
0.3913, 0.0000, 126.8574,
0.3288, 0.0000, 126.2774,
0.2322, 0.0000, 125.6996,
0.2165, 0.0000, 125.1209,
0.1677, 0.0000, 124.5424,
0.0808, 0.0000, 123.9668,
0.0886, 0.0000, 123.3912,
0.0075, 0.0000, 122.8184,
0.0095, 0.0000, 122.2455,
-0.0520, 0.0000, 121.6749,
-0.0813, 0.0000, 121.1077,
-0.1145, 0.0000, 120.5404,
-0.1282, 0.0000, 119.9763,
-0.2288, 0.0000, 119.4156,
-0.2122, 0.0000, 118.8552,
-0.2405, 0.0000, 118.2972,
-0.2913, 0.0000, 117.7424,
-0.3352, 0.0000, 117.1899,
-0.2923, 0.0000, 116.6396,
-0.2942, 0.0000, 116.0945,
-0.3225, 0.0000, 115.5522,
-0.2893, 0.0000, 115.0137,
-0.3743, 0.0000, 114.4794,
-0.4788, 0.0000, 113.9473,
-0.4524, 0.0000, 113.4179,
-0.4768, 0.0000, 112.8941,
-0.4651, 0.0000, 112.3718,
-0.4632, 0.0000, 111.8535,
-0.5100, 0.0000, 111.3361,
-0.4964, 0.0000, 110.8206,
-0.4583, 0.0000, 110.3109,
-0.4417, 0.0000, 109.8048,
-0.4192, 0.0000, 109.3021,
-0.5120, 0.0000, 108.8034,
-0.5003, 0.0000, 108.3077,
-0.5452, 0.0000, 107.8138,
-0.5012, 0.0000, 107.3242,
-0.5032, 0.0000, 106.8387,
-0.4964, 0.0000, 106.3560,
-0.5032, 0.0000, 105.8774,
-0.5589, 0.0000, 105.4003,
-0.5393, 0.0000, 104.9262,
-0.5520, 0.0000, 104.4566,
-0.5657, 0.0000, 103.9905,
-0.5491, 0.0000, 103.5267,
-0.5022, 0.0000, 103.0673,
-0.5100, 0.0000, 102.6121,
-0.5882, 0.0000, 102.1595,
-0.6009, 0.0000, 101.7105,
-0.5628, 0.0000, 101.2635,
-0.5325, 0.0000, 100.8190,
-0.5276, 0.0000, 100.3774,
-0.5276, 0.0000, 99.9402,
-0.5764, 0.0000, 99.5078,
-0.5608, 0.0000, 99.0780,
-0.5667, 0.0000, 98.6515,
-0.5589, 0.0000, 98.2265,
-0.5198, 0.0000, 97.8041,
-0.5462, 0.0000, 97.3864,
-0.5803, 0.0000, 96.9716,
-0.6165, 0.0000, 96.5604,
-0.6223, 0.0000, 96.1507,
-0.6175, 0.0000, 95.7461,
-0.6155, 0.0000, 95.3430,
-0.6301, 0.0000, 94.9413,
-0.6204, 0.0000, 94.5445,
-0.6253, 0.0000, 94.1491,
-0.6458, 0.0000, 93.7576,
-0.6292, 0.0000, 93.3695,
-0.6643, 0.0000, 92.9847,
-0.6702, 0.0000, 92.6041,
-0.6721, 0.0000, 92.2255,
-0.7425, 0.0000, 91.8505,
-0.7366, 0.0000, 91.4768,
-0.7044, 0.0000, 91.1060,
-0.7053, 0.0000, 90.7366,
-0.7024, 0.0000, 90.3707,
-0.7298, 0.0000, 90.0061,
-0.6966, 0.0000, 89.6439,
-0.6946, 0.0000, 89.2844,
-0.7122, 0.0000, 88.9284,
-0.6956, 0.0000, 88.5748,
-0.6966, 0.0000, 88.2233,
-0.7141, 0.0000, 87.8752,
-0.6926, 0.0000, 87.5290,
-0.6760, 0.0000, 87.1850,
-0.6800, 0.0000, 86.8441,
-0.6594, 0.0000, 86.5064,
-0.6741, 0.0000, 86.1714,
-0.6907, 0.0000, 85.8382,
-0.6770, 0.0000, 85.5061,
-0.6887, 0.0000, 85.1757,
-0.6887, 0.0000, 84.8487,
-0.7005, 0.0000, 84.5238,
-0.6536, 0.0000, 84.2005,
-0.6829, 0.0000, 83.8809,
-0.7161, 0.0000, 83.5641,
-1.1692, 0.0000, 83.2565,
-2.5501, 0.0000, 83.0453,
-2.8333, 0.0000, 82.9037,
-2.8040, 0.0000, 82.7807,
-2.7708, 0.0000, 82.6718,
-2.7141, 0.0000, 82.5749,
-2.6096, 0.0000, 82.4830,
-2.5130, 0.0000, 82.3967,
-2.4407, 0.0000, 82.3153,
-2.3821, 0.0000, 82.2364,
-2.2815, 0.0000, 82.1586,
-2.1301, 0.0000, 82.0784,
-2.1428, 0.0000, 81.9992,
-2.1135, 0.0000, 81.9300,
-2.0901, 0.0000, 81.8616,
-2.0354, 0.0000, 81.7956,
-1.9485, 0.0000, 81.7249,
-1.9534, 0.0000, 81.6597,
-1.9270, 0.0000, 81.5967,
-1.8841, 0.0000, 81.5340,
-1.8665, 0.0000, 81.4696,
-1.7903, 0.0000, 81.4066,
-1.7630, 0.0000, 81.3408,
-1.7796, 0.0000, 81.2781,
-1.7561, 0.0000, 81.2171,
-1.7337, 0.0000, 81.1573,
-1.7083, 0.0000, 81.0983,
-1.6907, 0.0000, 81.0384,
-1.6702, 0.0000, 80.9795,
-1.6712, 0.0000, 80.9211,
-1.5745, 0.0000, 80.8571,
-1.4885, 0.0000, 80.7873,
-1.5393, 0.0000, 80.7225,
-1.4905, 0.0000, 80.6574,
-1.5393, 0.0000, 80.5925,
-1.5559, 0.0000, 80.5314,
-1.4612, 0.0000, 80.4616,
-1.4798, 0.0000, 80.3962,
-1.4973, 0.0000, 80.3356,
-1.4495, 0.0000, 80.2736,
-1.3948, 0.0000, 80.2017,
-1.4085, 0.0000, 80.1376,
-1.3782, 0.0000, 80.0702,
-1.3616, 0.0000, 80.0035,
-1.3665, 0.0000, 79.9389,
-1.3753, 0.0000, 79.8726,
-1.3176, 0.0000, 79.8028,
-1.3020, 0.0000, 79.7344,
-1.3147, 0.0000, 79.6692,
-1.2708, 0.0000, 79.5977,
-1.1819, 0.0000, 79.5194,
-1.1682, 0.0000, 79.4468,
-1.1399, 0.0000, 79.3740,
-1.1341, 0.0000, 79.3016,
-1.1399, 0.0000, 79.2328,
-1.1301, 0.0000, 79.1610,
-1.1184, 0.0000, 79.0905,
-1.1233, 0.0000, 79.0164,
-1.0950, 0.0000, 78.9431,
-0.9759, 0.0000, 78.8638,
-1.0217, 0.0000, 78.7825,
-1.0735, 0.0000, 78.7049,
-1.1106, 0.0000, 78.6323,
-1.1243, 0.0000, 78.5602,
-1.0823, 0.0000, 78.4888,
-1.0667, 0.0000, 78.4163,
-1.0569, 0.0000, 78.3423,
-1.0169, 0.0000, 78.2630,
-0.9622, 0.0000, 78.1780,
-0.9358, 0.0000, 78.0931,
-0.9085, 0.0000, 78.0078,
-0.8753, 0.0000, 77.9222,
-0.8704, 0.0000, 77.8439,
-0.7913, 0.0000, 77.7561,
-0.8245, 0.0000, 77.6725,
-0.8460, 0.0000, 77.5927,
-0.8567, 0.0000, 77.5155,
-0.8089, 0.0000, 77.4326,
-0.7600, 0.0000, 77.3436,
-0.8020, 0.0000, 77.2612,
-0.8274, 0.0000, 77.1817,
-0.8255, 0.0000, 77.1022,
-0.8264, 0.0000, 77.0223,
-0.8128, 0.0000, 76.9403,
-0.7757, 0.0000, 76.8581,
-0.7796, 0.0000, 76.7729,
-0.7796, 0.0000, 76.6920,
-0.7698, 0.0000, 76.6111,
-0.8098, 0.0000, 76.5315,
-0.8118, 0.0000, 76.4524,
-0.7884, 0.0000, 76.3719,
-0.7698, 0.0000, 76.2857,
-0.7385, 0.0000, 76.2017,
-0.7551, 0.0000, 76.1181,
-0.7483, 0.0000, 76.0312,
-0.7141, 0.0000, 75.9456,
-0.6702, 0.0000, 75.8582,
-0.7034, 0.0000, 75.7723,
-0.7190, 0.0000, 75.6890,
-0.6966, 0.0000, 75.6042,
-0.7229, 0.0000, 75.5183,
-0.6721, 0.0000, 75.4321,
-0.6712, 0.0000, 75.3374,
-0.6067, 0.0000, 75.2526,
-0.5862, 0.0000, 75.1588,
-0.6585, 0.0000, 75.0729,
-0.6350, 0.0000, 74.9888,
-0.6253, 0.0000, 74.9012,
-0.5921, 0.0000, 74.8136,
-0.5833, 0.0000, 74.7266,
-0.6223, 0.0000, 74.6404,
-0.6038, 0.0000, 74.5557,
-0.6057, 0.0000, 74.4681,
-0.6204, 0.0000, 74.3811,
-0.6018, 0.0000, 74.2942,
-0.5530, 0.0000, 74.2057,
-0.5432, 0.0000, 74.1144,
-0.5315, 0.0000, 74.0233,
-0.5012, 0.0000, 73.9336,
-0.5110, 0.0000, 73.8421,
-0.5315, 0.0000, 73.7521,
-0.5032, 0.0000, 73.6645,
-0.5091, 0.0000, 73.5777,
-0.5198, 0.0000, 73.4913,
-0.4553, 0.0000, 73.4017,
-0.4778, 0.0000, 73.3116,
-0.4993, 0.0000, 73.2238,
-0.4651, 0.0000, 73.1351,
-0.4856, 0.0000, 73.0457,
-0.4817, 0.0000, 72.9562,
-0.4632, 0.0000, 72.8667,
-0.4700, 0.0000, 72.7791,
-0.4915, 0.0000, 72.6920,
-0.4729, 0.0000, 72.6031,
-0.4641, 0.0000, 72.5132,
-0.4544, 0.0000, 72.4237,
-0.4778, 0.0000, 72.3342,
-0.4036, 0.0000, 72.2468,
-0.4339, 0.0000, 72.1551,
-0.4329, 0.0000, 72.0659,
-0.4514, 0.0000, 71.9785,
-0.4280, 0.0000, 71.8898,
-0.4114, 0.0000, 71.8009,
-0.4280, 0.0000, 71.7072,
-0.4446, 0.0000, 71.6188,
-0.4270, 0.0000, 71.5276,
-0.4641, 0.0000, 71.4359,
-0.4290, 0.0000, 71.3507,
-0.4202, 0.0000, 71.2569,
-0.4466, 0.0000, 71.1686,
-0.4358, 0.0000, 71.0816,
-0.4661, 0.0000, 70.9949,
-0.4134, 0.0000, 70.9056,
-0.4524, 0.0000, 70.8135,
-0.4505, 0.0000, 70.7275,
-0.3928, 0.0000, 70.6377,
-0.3841, 0.0000, 70.5432,
-0.4134, 0.0000, 70.4517,
-0.4202, 0.0000, 70.3609,
-0.4007, 0.0000, 70.2705,
-0.3645, 0.0000, 70.1819,
-0.4192, 0.0000, 70.0926,
-0.4319, 0.0000, 70.0033,
-0.4524, 0.0000, 69.9162,
-0.4475, 0.0000, 69.8295,
-0.4397, 0.0000, 69.7404,
-0.4300, 0.0000, 69.6483,
-0.4173, 0.0000, 69.5570,
-0.4134, 0.0000, 69.4675,
-0.3997, 0.0000, 69.3775,
-0.3782, 0.0000, 69.2870,
-0.3821, 0.0000, 69.1999,
-0.3811, 0.0000, 69.1122,
-0.3880, 0.0000, 69.0234,
-0.3801, 0.0000, 68.9340,
-0.3548, 0.0000, 68.8431,
-0.3548, 0.0000, 68.7535,
-0.3841, 0.0000, 68.6651,
-0.3626, 0.0000, 68.5751,
-0.3626, 0.0000, 68.4865,
-0.3675, 0.0000, 68.4006,
-0.3880, 0.0000, 68.3147,
-0.4046, 0.0000, 68.2302,
-0.4104, 0.0000, 68.1450,
-0.3997, 0.0000, 68.0568,
-0.3919, 0.0000, 67.9641,
-0.3850, 0.0000, 67.8766,
-0.3987, 0.0000, 67.7896,
-0.4202, 0.0000, 67.7007,
-0.4153, 0.0000, 67.6133,
-0.3772, 0.0000, 67.5226,
-0.3714, 0.0000, 67.4326,
-0.3430, 0.0000, 67.3453,
-0.4094, 0.0000, 67.2605,
-0.4104, 0.0000, 67.1754,
-0.4046, 0.0000, 67.0873,
-0.4104, 0.0000, 67.0023,
-0.4065, 0.0000, 66.9170,
-0.4007, 0.0000, 66.8307,
-0.4221, 0.0000, 66.7471,
-0.4153, 0.0000, 66.6662,
-0.3518, 0.0000, 66.5793,
-0.4094, 0.0000, 66.4919,
-0.4192, 0.0000, 66.4081,
-0.3958, 0.0000, 66.3241,
-0.3616, 0.0000, 66.2355,
-0.3938, 0.0000, 66.1500,
-0.3743, 0.0000, 66.0651,
-0.3714, 0.0000, 65.9810,
-0.3977, 0.0000, 65.8969,
-0.4007, 0.0000, 65.8157,
-0.4104, 0.0000, 65.7313,
-0.4055, 0.0000, 65.6486,
-0.3704, 0.0000, 65.5655,
-0.3762, 0.0000, 65.4829,
-0.3870, 0.0000, 65.3974,
-0.4055, 0.0000, 65.3121,
-0.3919, 0.0000, 65.2309,
-0.3841, 0.0000, 65.1492,
-0.3831, 0.0000, 65.0670,
-0.3606, 0.0000, 64.9835,
-0.3801, 0.0000, 64.9002,
-0.3762, 0.0000, 64.8166,
-0.3606, 0.0000, 64.7339,
-0.3587, 0.0000, 64.6529,
-0.3528, 0.0000, 64.5705,
-0.3616, 0.0000, 64.4888,
-0.3821, 0.0000, 64.4048,
-0.3997, 0.0000, 64.3238,
-0.4016, 0.0000, 64.2418,
-0.3811, 0.0000, 64.1628,
-0.3313, 0.0000, 64.0766,
-0.3675, 0.0000, 63.9936,
-0.3860, 0.0000, 63.9107,
-0.3801, 0.0000, 63.8261,
-0.3606, 0.0000, 63.7422,
-0.3782, 0.0000, 63.6588,
-0.3372, 0.0000, 63.5744,
-0.3137, 0.0000, 63.4882,
-0.3489, 0.0000, 63.4036,
-0.3479, 0.0000, 63.3205,
-0.3372, 0.0000, 63.2396,
-0.3977, 0.0000, 63.1598,
-0.3606, 0.0000, 63.0804,
-0.3528, 0.0000, 62.9987,
-0.3635, 0.0000, 62.9177,
-0.3723, 0.0000, 62.8383,
-0.3919, 0.0000, 62.7603,
-0.3704, 0.0000, 62.6797,
-0.3577, 0.0000, 62.6001,
-0.3762, 0.0000, 62.5223,
-0.3596, 0.0000, 62.4429,
-0.3548, 0.0000, 62.3632,
-0.3587, 0.0000, 62.2853,
-0.3782, 0.0000, 62.2090,
-0.3528, 0.0000, 62.1302,
-0.3548, 0.0000, 62.0513,
-0.3313, 0.0000, 61.9748,
-0.3509, 0.0000, 61.8977,
-0.3401, 0.0000, 61.8208,
-0.2932, 0.0000, 61.7409,
-0.3548, 0.0000, 61.6602,
-0.3401, 0.0000, 61.5817,
-0.3108, 0.0000, 61.5020,
-0.2991, 0.0000, 61.4238,
-0.3372, 0.0000, 61.3456,
-0.3509, 0.0000, 61.2699,
-0.3421, 0.0000, 61.1961,
-0.3157, 0.0000, 61.1188,
-0.3440, 0.0000, 61.0415,
-0.3440, 0.0000, 60.9654,
-0.3294, 0.0000, 60.8885,
-0.3245, 0.0000, 60.8127,
-0.2796, 0.0000, 60.7363,
-0.3450, 0.0000, 60.6592,
-0.3440, 0.0000, 60.5840,
-0.3469, 0.0000, 60.5089,
-0.3440, 0.0000, 60.4345,
-0.3362, 0.0000, 60.3568,
-0.3440, 0.0000, 60.2839,
-0.3704, 0.0000, 60.2119,
-0.3303, 0.0000, 60.1346,
-0.3372, 0.0000, 60.0565,
-0.3548, 0.0000, 59.9813,
-0.3274, 0.0000, 59.9082,
-0.3362, 0.0000, 59.8329,
-0.3567, 0.0000, 59.7585,
-0.3391, 0.0000, 59.6863,
-0.3225, 0.0000, 59.6091,
-0.3323, 0.0000, 59.5349,
-0.3235, 0.0000, 59.4597,
-0.2991, 0.0000, 59.3863,
-0.3294, 0.0000, 59.3119,
-0.3176, 0.0000, 59.2382,
-0.3216, 0.0000, 59.1661,
-0.3098, 0.0000, 59.0908,
-0.3118, 0.0000, 59.0156,
-0.2835, 0.0000, 58.9418,
-0.3128, 0.0000, 58.8650,
-0.3118, 0.0000, 58.7927,
-0.3303, 0.0000, 58.7194,
-0.3274, 0.0000, 58.6467,
-0.3128, 0.0000, 58.5766,
-0.2971, 0.0000, 58.5022,
-0.3020, 0.0000, 58.4290,
-0.3333, 0.0000, 58.3558,
-0.3216, 0.0000, 58.2848,
-0.2991, 0.0000, 58.2143,
-0.3391, 0.0000, 58.1420,
-0.3440, 0.0000, 58.0721,
-0.3665, 0.0000, 58.0034,
-0.3421, 0.0000, 57.9338,
-0.3401, 0.0000, 57.8608,
-0.3372, 0.0000, 57.7898,
-0.3518, 0.0000, 57.7209,
-0.3460, 0.0000, 57.6521,
-0.3489, 0.0000, 57.5853,
-0.3411, 0.0000, 57.5155,
-0.3518, 0.0000, 57.4460,
-0.3509, 0.0000, 57.3760,
-0.3196, 0.0000, 57.3050,
-0.3596, 0.0000, 57.2361,
-0.3548, 0.0000, 57.1673,
-0.3626, 0.0000, 57.0997,
-0.3538, 0.0000, 57.0320,
-0.3772, 0.0000, 56.9653,
-0.3821, 0.0000, 56.8990,
-0.3333, 0.0000, 56.8333,
-0.3372, 0.0000, 56.7661,
-0.3723, 0.0000, 56.6973,
-0.3704, 0.0000, 56.6309,
-0.3606, 0.0000, 56.5632,
-0.3596, 0.0000, 56.4965,
-0.3782, 0.0000, 56.4288,
-0.3782, 0.0000, 56.3620,
-0.3635, 0.0000, 56.2953,
-0.3841, 0.0000, 56.2287,
-0.3841, 0.0000, 56.1611,
-0.3596, 0.0000, 56.0943,
-0.3782, 0.0000, 56.0289,
-0.3850, 0.0000, 55.9652,
-0.3792, 0.0000, 55.9014,
-0.3772, 0.0000, 55.8354,
-0.3635, 0.0000, 55.7697,
-0.3811, 0.0000, 55.7066,
-0.3831, 0.0000, 55.6446,
-0.3821, 0.0000, 55.5794,
-0.4163, 0.0000, 55.5160,
-0.3948, 0.0000, 55.4522,
-0.3909, 0.0000, 55.3880,
-0.4124, 0.0000, 55.3247,
-0.4231, 0.0000, 55.2635,
-0.4046, 0.0000, 55.2024,
-0.4260, 0.0000, 55.1387,
-0.4514, 0.0000, 55.0767,
-0.4466, 0.0000, 55.0167,
-0.4485, 0.0000, 54.9562,
-0.4134, 0.0000, 54.8941,
-0.4212, 0.0000, 54.8289,
-0.4446, 0.0000, 54.7648,
-0.4387, 0.0000, 54.7043,
-0.4280, 0.0000, 54.6436,
-0.4407, 0.0000, 54.5808,
-0.4485, 0.0000, 54.5194,
-0.4387, 0.0000, 54.4583,
-0.4358, 0.0000, 54.3962,
-0.4280, 0.0000, 54.3338,
-0.4290, 0.0000, 54.2700,
-0.4065, 0.0000, 54.2076,
-0.4339, 0.0000, 54.1461,
-0.4358, 0.0000, 54.0843,
-0.4456, 0.0000, 54.0242,
-0.4495, 0.0000, 53.9647,
-0.4387, 0.0000, 53.9006,
-0.4436, 0.0000, 53.8402,
-0.4505, 0.0000, 53.7797,
-0.4710, 0.0000, 53.7184,
-0.4837, 0.0000, 53.6587,
-0.4817, 0.0000, 53.6005,
-0.4739, 0.0000, 53.5405,
-0.4768, 0.0000, 53.4819,
-0.4680, 0.0000, 53.4220,
-0.4768, 0.0000, 53.3608,
-0.4710, 0.0000, 53.3015,
-0.4710, 0.0000, 53.2418,
-0.4846, 0.0000, 53.1828,
-0.4778, 0.0000, 53.1226,
-0.4798, 0.0000, 53.0661,
-0.4798, 0.0000, 53.0091,
-0.4680, 0.0000, 52.9528,
-0.4456, 0.0000, 52.8923,
-0.4807, 0.0000, 52.8329,
-0.4866, 0.0000, 52.7758,
-0.4700, 0.0000, 52.7178,
-0.4837, 0.0000, 52.6605,
-0.4475, 0.0000, 52.6037,
-0.4641, 0.0000, 52.5431,
-0.4749, 0.0000, 52.4861,
-0.4719, 0.0000, 52.4289,
-0.4798, 0.0000, 52.3720,
-0.4651, 0.0000, 52.3134,
-0.4807, 0.0000, 52.2564,
-0.4729, 0.0000, 52.2010,
-0.4954, 0.0000, 52.1434,
-0.4846, 0.0000, 52.0873,
-0.4905, 0.0000, 52.0319,
-0.4827, 0.0000, 51.9765,
-0.4651, 0.0000, 51.9195,
-0.4768, 0.0000, 51.8599,
-0.4788, 0.0000, 51.8043,
-0.4876, 0.0000, 51.7476,
-0.4612, 0.0000, 51.6908,
-0.4661, 0.0000, 51.6332,
-0.4983, 0.0000, 51.5782,
-0.5051, 0.0000, 51.5236,
-0.4915, 0.0000, 51.4701,
-0.4817, 0.0000, 51.4149,
-0.4885, 0.0000, 51.3605,
-0.5120, 0.0000, 51.3067,
-0.5003, 0.0000, 51.2525,
-0.4934, 0.0000, 51.1988,
-0.4934, 0.0000, 51.1444,
-0.5296, 0.0000, 51.0903,
-0.5208, 0.0000, 51.0380,
-0.5247, 0.0000, 50.9856,
-0.5091, 0.0000, 50.9309,
-0.5266, 0.0000, 50.8790,
-0.5247, 0.0000, 50.8262,
-0.5217, 0.0000, 50.7747,
-0.5081, 0.0000, 50.7224,
-0.4973, 0.0000, 50.6675,
-0.5071, 0.0000, 50.6128,
-0.5217, 0.0000, 50.5609,
-0.5452, 0.0000, 50.5083,
-0.5208, 0.0000, 50.4563,
-0.5393, 0.0000, 50.4045,
-0.5364, 0.0000, 50.3537,
-0.5335, 0.0000, 50.3032,
-0.5276, 0.0000, 50.2512,
-0.5198, 0.0000, 50.1983,
-0.5305, 0.0000, 50.1479,
-0.5110, 0.0000, 50.0956,
-0.5130, 0.0000, 50.0457,
-0.5218, 0.0000, 49.9962,
-0.5481, 0.0000, 49.9463,
-0.5501, 0.0000, 49.8953,
-0.5550, 0.0000, 49.8439,
-0.5344, 0.0000, 49.7944,
-0.5510, 0.0000, 49.7447,
-0.5628, 0.0000, 49.6956,
-0.5491, 0.0000, 49.6474,
-0.5530, 0.0000, 49.5979,
-0.5452, 0.0000, 49.5467,
-0.5384, 0.0000, 49.4958,
-0.5325, 0.0000, 49.4462,
-0.5305, 0.0000, 49.3971,
-0.5354, 0.0000, 49.3479,
-0.5266, 0.0000, 49.2959,
-0.5393, 0.0000, 49.2456,
-0.5276, 0.0000, 49.1974,
-0.5169, 0.0000, 49.1468,
-0.5481, 0.0000, 49.0977,
-0.5491, 0.0000, 49.0486,
-0.5403, 0.0000, 48.9993,
-0.5530, 0.0000, 48.9505,
-0.5608, 0.0000, 48.9040,
-0.5462, 0.0000, 48.8569,
-0.5520, 0.0000, 48.8077,
-0.5540, 0.0000, 48.7601,
-0.5481, 0.0000, 48.7112,
-0.5491, 0.0000, 48.6639,
-0.5432, 0.0000, 48.6141,
-0.5462, 0.0000, 48.5663,
-0.5579, 0.0000, 48.5183,
-0.5735, 0.0000, 48.4720,
-0.5803, 0.0000, 48.4257,
-0.5852, 0.0000, 48.3801,
-0.5735, 0.0000, 48.3340,
-0.5735, 0.0000, 48.2867,
-0.5921, 0.0000, 48.2417,
-0.5852, 0.0000, 48.1966,
-0.5891, 0.0000, 48.1501,
-0.5823, 0.0000, 48.1050,
-0.6067, 0.0000, 48.0596,
-0.5862, 0.0000, 48.0147,
-0.5667, 0.0000, 47.9672,
-0.5842, 0.0000, 47.9189,
-0.5921, 0.0000, 47.8717,
-0.5667, 0.0000, 47.8245,
-0.5852, 0.0000, 47.7766,
-0.6135, 0.0000, 47.7319,
-0.5921, 0.0000, 47.6871,
-0.5979, 0.0000, 47.6417,
-0.5862, 0.0000, 47.5951,
-0.5735, 0.0000, 47.5485,
-0.5911, 0.0000, 47.5031,
-0.5979, 0.0000, 47.4576,
-0.5862, 0.0000, 47.4129,
-0.5735, 0.0000, 47.3676,
-0.5833, 0.0000, 47.3208,
-0.6009, 0.0000, 47.2752,
-0.5950, 0.0000, 47.2296,
-0.5979, 0.0000, 47.1852,
-0.6067, 0.0000, 47.1434,
-0.5989, 0.0000, 47.1008,
-0.5833, 0.0000, 47.0552,
-0.5979, 0.0000, 47.0118,
-0.5999, 0.0000, 46.9696,
-0.5882, 0.0000, 46.9261,
-0.5784, 0.0000, 46.8800,
-0.6028, 0.0000, 46.8358,
-0.5735, 0.0000, 46.7903,
-0.5930, 0.0000, 46.7472,
-0.6009, 0.0000, 46.7045,
-0.6077, 0.0000, 46.6630,
-0.6009, 0.0000, 46.6202,
-0.6116, 0.0000, 46.5774,
-0.5833, 0.0000, 46.5331,
-0.6048, 0.0000, 46.4894,
-0.6057, 0.0000, 46.4474,
-0.6282, 0.0000, 46.4047,
-0.6048, 0.0000, 46.3592,
-0.6018, 0.0000, 46.3152,
-0.6194, 0.0000, 46.2729,
-0.6165, 0.0000, 46.2306,
-0.6077, 0.0000, 46.1867,
-0.6194, 0.0000, 46.1445,
-0.6331, 0.0000, 46.1026,
-0.6077, 0.0000, 46.0604,
-0.6184, 0.0000, 46.0190,
-0.6282, 0.0000, 45.9778,
-0.6048, 0.0000, 45.9365,
-0.6106, 0.0000, 45.8954,
-0.6233, 0.0000, 45.8538,
-0.6360, 0.0000, 45.8128,
-0.6360, 0.0000, 45.7718,
-0.6341, 0.0000, 45.7315,
-0.6350, 0.0000, 45.6913,
-0.6350, 0.0000, 45.6512,
-0.6497, 0.0000, 45.6123,
-0.6438, 0.0000, 45.5727,
-0.6458, 0.0000, 45.5329,
-0.6341, 0.0000, 45.4932,
-0.6448, 0.0000, 45.4529,
-0.6341, 0.0000, 45.4130,
-0.6223, 0.0000, 45.3722,
-0.6399, 0.0000, 45.3313,
-0.6301, 0.0000, 45.2905,
-0.6516, 0.0000, 45.2506,
-0.6497, 0.0000, 45.2116,
-0.6360, 0.0000, 45.1713,
-0.6311, 0.0000, 45.1318,
-0.6458, 0.0000, 45.0918,
-0.6477, 0.0000, 45.0519,
-0.6194, 0.0000, 45.0122,
-0.6262, 0.0000, 44.9713,
-0.6448, 0.0000, 44.9313,
-0.6321, 0.0000, 44.8920,
-0.6360, 0.0000, 44.8506,
-0.6419, 0.0000, 44.8097,
-0.6507, 0.0000, 44.7710,
-0.6350, 0.0000, 44.7324,
-0.6526, 0.0000, 44.6933,
-0.6468, 0.0000, 44.6552,
-0.6507, 0.0000, 44.6175,
-0.6614, 0.0000, 44.5807,
-0.6575, 0.0000, 44.5432,
-0.6448, 0.0000, 44.5048,
-0.6575, 0.0000, 44.4663,
-0.6604, 0.0000, 44.4289,
-0.6546, 0.0000, 44.3914,
-0.6604, 0.0000, 44.3534,
-0.6516, 0.0000, 44.3154,
-0.6555, 0.0000, 44.2767,
-0.6497, 0.0000, 44.2390,
-0.6653, 0.0000, 44.2023,
-0.6790, 0.0000, 44.1651,
-0.6712, 0.0000, 44.1290,
-0.6653, 0.0000, 44.0928,
-0.6790, 0.0000, 44.0555,
-0.6634, 0.0000, 44.0183,
-0.6741, 0.0000, 43.9814,
-0.6731, 0.0000, 43.9443,
-0.6673, 0.0000, 43.9083,
-0.6673, 0.0000, 43.8707,
-0.6819, 0.0000, 43.8347,
-0.6692, 0.0000, 43.7987,
-0.6780, 0.0000, 43.7634,
-0.6751, 0.0000, 43.7269,
-0.6790, 0.0000, 43.6909,
-0.6858, 0.0000, 43.6556,
-0.6936, 0.0000, 43.6206,
-0.6760, 0.0000, 43.5844,
-0.6917, 0.0000, 43.5472,
-0.6839, 0.0000, 43.5119,
-0.6985, 0.0000, 43.4771,
-0.7014, 0.0000, 43.4415,
-0.7053, 0.0000, 43.4068,
-0.6848, 0.0000, 43.3720,
-0.6966, 0.0000, 43.3377,
-0.6926, 0.0000, 43.3031,
-0.6936, 0.0000, 43.2688,
-0.6975, 0.0000, 43.2331,
-0.6995, 0.0000, 43.1981,
-0.7132, 0.0000, 43.1630,
-0.6975, 0.0000, 43.1288,
-0.7073, 0.0000, 43.0949,
-0.7161, 0.0000, 43.0612,
-0.7083, 0.0000, 43.0269,
-0.6936, 0.0000, 42.9916,
-0.7141, 0.0000, 42.9568,
-0.7122, 0.0000, 42.9234,
-0.7132, 0.0000, 42.8892,
-0.6907, 0.0000, 42.8556,
-0.6839, 0.0000, 42.8199,
-0.7024, 0.0000, 42.7851,
-0.6839, 0.0000, 42.7508,
-0.7053, 0.0000, 42.7162,
-0.6946, 0.0000, 42.6824,
-0.7200, 0.0000, 42.6493,
-0.7171, 0.0000, 42.6163,
-0.7151, 0.0000, 42.5831,
-0.7063, 0.0000, 42.5502,
-0.7200, 0.0000, 42.5168,
-0.7073, 0.0000, 42.4852,
-0.7141, 0.0000, 42.4504,
-0.7259, 0.0000, 42.4175,
-0.7151, 0.0000, 42.3854,
-0.7210, 0.0000, 42.3520,
-0.7219, 0.0000, 42.3177,
-0.7200, 0.0000, 42.2847,
-0.7219, 0.0000, 42.2510,
-0.7171, 0.0000, 42.2193,
-0.7102, 0.0000, 42.1868,
-0.7268, 0.0000, 42.1549,
-0.7161, 0.0000, 42.1228,
-0.7219, 0.0000, 42.0903,
-0.7014, 0.0000, 42.0581,
-0.6809, 0.0000, 42.0183,
-0.7239, 0.0000, 41.9832,
-0.7092, 0.0000, 41.9486,
-0.7395, 0.0000, 41.9161,
-0.7444, 0.0000, 41.8852,
-0.7395, 0.0000, 41.8537,
-0.7385, 0.0000, 41.8220,
-0.7415, 0.0000, 41.7922,
-0.7434, 0.0000, 41.7609,
-0.7425, 0.0000, 41.7299,
-0.7434, 0.0000, 41.6987,
-0.7493, 0.0000, 41.6678,
-0.7464, 0.0000, 41.6369,
-0.7454, 0.0000, 41.6068,
-0.7356, 0.0000, 41.5762,
-0.7473, 0.0000, 41.5461,
-0.7346, 0.0000, 41.5148,
-0.7532, 0.0000, 41.4835,
-0.7444, 0.0000, 41.4539,
-0.7512, 0.0000, 41.4234,
-0.7356, 0.0000, 41.3920,
-0.7503, 0.0000, 41.3612,
-0.7639, 0.0000, 41.3316,
-0.7600, 0.0000, 41.3015,
-0.7610, 0.0000, 41.2722,
-0.7591, 0.0000, 41.2429,
-0.7522, 0.0000, 41.2133,
-0.7551, 0.0000, 41.1838,
-0.7307, 0.0000, 41.1508,
-0.7591, 0.0000, 41.1203,
-0.7620, 0.0000, 41.0898,
-0.7708, 0.0000, 41.0606,
-0.7639, 0.0000, 41.0313,
-0.7669, 0.0000, 41.0018,
-0.7591, 0.0000, 40.9718,
-0.7717, 0.0000, 40.9417,
-0.7610, 0.0000, 40.9129,
-0.2317, 0.0000, 40.8716,
-0.5159, 0.0000, 40.7704,
-2.6604, 0.0000, 40.8123,
-4.6897, 0.0000, 41.0864,
-6.1985, 0.0000, 41.5705,
-7.3909, 0.0000, 42.2428,
-8.3157, 0.0000, 43.0792,
-9.0755, 0.0000, 44.0593,
-9.8509, 0.0000, 45.1676,
-10.4837, 0.0000, 46.4008,
-11.1887, 0.0000, 47.7394,
-11.8089, 0.0000, 49.1734,
-12.3704, 0.0000, 50.6939,
-12.7288, 0.0000, 52.2955,
-13.1419, 0.0000, 53.9695,
-13.3733, 0.0000, 55.7027,
-13.5813, 0.0000, 57.4998,
-13.5393, 0.0000, 59.3399,
-13.2063, 0.0000, 61.1901,
-12.4807, 0.0000, 63.0254,
-11.7727, 0.0000, 64.8297,
-11.1731, 0.0000, 66.6021,
-10.5012, 0.0000, 68.3374,
-9.8323, 0.0000, 70.0313,
-9.2112, 0.0000, 71.6837,
-8.6116, 0.0000, 73.3009,
-7.9759, 0.0000, 74.8684,
-7.3450, 0.0000, 76.3916,
-6.8743, 0.0000, 77.8683,
-6.3147, 0.0000, 79.2983,
-5.8323, 0.0000, 80.6881,
-5.3909, 0.0000, 82.0341,
-4.9163, 0.0000, 83.3316,
-4.4641, 0.0000, 84.5880,
-4.0305, 0.0000, 85.8003,
-3.6467, 0.0000, 86.9735,
-3.3372, 0.0000, 88.1028,
-3.0569, 0.0000, 89.1916,
-2.8050, 0.0000, 90.2405,
-2.5188, 0.0000, 91.2500,
-2.3157, 0.0000, 92.2212,
-2.0803, 0.0000, 93.1571,
-1.9387, 0.0000, 94.0566,
-1.8001, 0.0000, 94.9249,
-1.6624, 0.0000, 95.7602,
-1.4602, 0.0000, 96.5639,
-1.3333, 0.0000, 97.3358,
-1.1507, 0.0000, 98.0796,
-1.1018, 0.0000, 98.7941,
-1.0042, 0.0000, 99.4832,
-0.9592, 0.0000, 100.1479,
-0.8167, 0.0000, 100.7874,
-0.7639, 0.0000, 101.3996,
-0.6780, 0.0000, 101.9887,
-0.6536, 0.0000, 102.5560,
-0.5813, 0.0000, 103.0987,
-0.5276, 0.0000, 103.6215,
-0.5159, 0.0000, 104.1236,
-0.4573, 0.0000, 104.6067,
-0.4114, 0.0000, 105.0708,
-0.4065, 0.0000, 105.5180,
-0.3684, 0.0000, 105.9467,
-0.3509, 0.0000, 106.3609,
-0.3235, 0.0000, 106.7576,
-0.3372, 0.0000, 107.1389,
-0.3518, 0.0000, 107.5059,
-0.3176, 0.0000, 107.8589,
-0.2620, 0.0000, 108.1968,
-0.2639, 0.0000, 108.5227,
-0.2737, 0.0000, 108.8364,
-0.2551, 0.0000, 109.1373,
-0.2444, 0.0000, 109.4266,
-0.2385, 0.0000, 109.7058,
-0.2571, 0.0000, 109.9747,
-0.2307, 0.0000, 110.2325,
-0.1751, 0.0000, 110.4777,
-0.2083, 0.0000, 110.7141,
-0.1995, 0.0000, 110.9421,
-0.2034, 0.0000, 111.1612,
-0.2083, 0.0000, 111.3731,
-0.2034, 0.0000, 111.5759,
-0.2376, 0.0000, 111.7721,
-0.2161, 0.0000, 111.9599,
-0.2405, 0.0000, 112.1408,
-0.2298, 0.0000, 112.3151,
-0.2219, 0.0000, 112.4823,
-0.2366, 0.0000, 112.6455,
-0.2024, 0.0000, 112.8015,
-0.2141, 0.0000, 112.9522,
-0.2034, 0.0000, 113.0975,
-0.2268, 0.0000, 113.2374,
-0.2014, 0.0000, 113.3719,
-0.1790, 0.0000, 113.5009,
-0.2005, 0.0000, 113.6251,
-0.2014, 0.0000, 113.7450,
-0.2034, 0.0000, 113.8605,
-0.1780, 0.0000, 113.9719,
-0.1770, 0.0000, 114.0785,
-0.4680, 0.0000, 114.1827,
-2.4475, 0.0000, 114.3613,
-4.3235, 0.0000, 114.6893,
-5.5159, 0.0000, 115.1635,
-5.8440, 0.0000, 115.7617,
-5.6106, 0.0000, 116.4723,
-4.3919, 0.0000, 117.2387,
-2.9671, 0.0000, 118.0163,
-1.9426, 0.0000, 118.7949,
-1.1233, 0.0000, 119.5813,
-0.2102, 0.0000, 120.3694,
0.6540, 0.0000, 121.1496,
1.4685, 0.0000, 121.9196,
2.1599, 0.0000, 122.6753,
2.8132, 0.0000, 123.4169,
3.2390, 0.0000, 124.1450,
3.8513, 0.0000, 124.8593,
4.3327, 0.0000, 125.5552,
4.7888, 0.0000, 126.2354,
5.2429, 0.0000, 126.8953,
5.4958, 0.0000, 127.5362,
5.7400, 0.0000, 128.1593,
5.8796, 0.0000, 128.7660,
6.0632, 0.0000, 129.3543,
6.2536, 0.0000, 129.9233,
6.2380, 0.0000, 130.4739,
6.3152, 0.0000, 131.0084,
6.3679, 0.0000, 131.5239,
6.3425, 0.0000, 132.0229,
6.3904, 0.0000, 132.5037,
6.3572, 0.0000, 132.9679,
6.3425, 0.0000, 133.4181,
6.3054, 0.0000, 133.8512,
6.2937, 0.0000, 134.2691,
6.2156, 0.0000, 134.6738,
6.1609, 0.0000, 135.0643,
6.0915, 0.0000, 135.4399,
6.0564, 0.0000, 135.8028,
5.9587, 0.0000, 136.1523,
5.8952, 0.0000, 136.4888,
5.7976, 0.0000, 136.8131,
5.7077, 0.0000, 137.1258,
5.6365, 0.0000, 137.4267,
5.6062, 0.0000, 137.7181,
5.5993, 0.0000, 137.9987,
5.4900, 0.0000, 138.2677,
5.4040, 0.0000, 138.5280,
5.3103, 0.0000, 138.7789,
5.1921, 0.0000, 139.0194,
5.1257, 0.0000, 139.2523,
5.0417, 0.0000, 139.4760,
4.9519, 0.0000, 139.6920,
4.8943, 0.0000, 139.8998,
4.8025, 0.0000, 140.0986,
4.7087, 0.0000, 140.2899,
4.6208, 0.0000, 140.4767,
4.6072, 0.0000, 140.6569,
4.5368, 0.0000, 140.8284,
4.4978, 0.0000, 140.9947,
4.3952, 0.0000, 141.1546,
4.3611, 0.0000, 141.3086,
4.3171, 0.0000, 141.4569,
4.2810, 0.0000, 141.5998,
4.2195, 0.0000, 141.7369,
4.1394, 0.0000, 141.8717,
4.0974, 0.0000, 142.0011,
4.0622, 0.0000, 142.1252,
4.0368, 0.0000, 142.2459,
3.9743, 0.0000, 142.3627,
3.9431, 0.0000, 142.4763,
3.9187, 0.0000, 142.5844,
3.8708, 0.0000, 142.6887,
3.8581, 0.0000, 142.7898,
3.8240, 0.0000, 142.8860,
3.7654, 0.0000, 142.9804,
3.7585, 0.0000, 143.0719,
3.7458, 0.0000, 143.1594,
3.7409, 0.0000, 143.2431,
3.7058, 0.0000, 143.3234,
3.6697, 0.0000, 143.4012,
3.6286, 0.0000, 143.4774,
3.5984, 0.0000, 143.5510,
3.5671, 0.0000, 143.6217,
3.5261, 0.0000, 143.6893,
3.5007, 0.0000, 143.7564,
3.4841, 0.0000, 143.8201,
3.4431, 0.0000, 143.8822,
3.4206, 0.0000, 143.9420,
3.4109, 0.0000, 144.0004,
3.3806, 0.0000, 144.0564,
3.3747, 0.0000, 144.1100,
3.3484, 0.0000, 144.1626,
3.3435, 0.0000, 144.2131,
3.3142, 0.0000, 144.2627,
3.3152, 0.0000, 144.3102,
3.2839, 0.0000, 144.3559,
3.2654, 0.0000, 144.4007,
3.2820, 0.0000, 144.4441,
3.2595, 0.0000, 144.4848,
3.2253, 0.0000, 144.5244,
3.2224, 0.0000, 144.5634,
3.2175, 0.0000, 144.6001,
3.1999, 0.0000, 144.6361,
3.1843, 0.0000, 144.6712,
3.1911, 0.0000, 144.7053,
3.1921, 0.0000, 144.7375,
3.1726, 0.0000, 144.7690,
3.1531, 0.0000, 144.8004,
3.1394, 0.0000, 144.8309,
3.1238, 0.0000, 144.8600,
3.1228, 0.0000, 144.8877,
3.0925, 0.0000, 144.9159,
3.1130, 0.0000, 144.9418,
3.0808, 0.0000, 144.9678,
3.0779, 0.0000, 144.9940,
3.0691, 0.0000, 145.0197,
3.0759, 0.0000, 145.0441,
3.0808, 0.0000, 145.0677,
3.0632, 0.0000, 145.0895,
3.0329, 0.0000, 145.1121,
3.0437, 0.0000, 145.1345,
3.0456, 0.0000, 145.1541,
3.0320, 0.0000, 145.1739,
3.0115, 0.0000, 145.1938,
2.9773, 0.0000, 145.2138,
2.9783, 0.0000, 145.2324,
2.9743, 0.0000, 145.2506,
2.9382, 0.0000, 145.2691,
2.9538, 0.0000, 145.2872,
2.9714, 0.0000, 145.3036,
2.9695, 0.0000, 145.3185,
3.4519, 0.0000, 145.3204,
4.1716, 0.0000, 145.2865,
4.6628, 0.0000, 145.2122,
4.9294, 0.0000, 145.0991,
5.0661, 0.0000, 144.9510,
5.0827, 0.0000, 144.7740,
4.9704, 0.0000, 144.5718,
4.8327, 0.0000, 144.3448,
4.7312, 0.0000, 144.0955,
4.5525, 0.0000, 143.8258,
4.3865, 0.0000, 143.5359,
4.2263, 0.0000, 143.2282,
4.0896, 0.0000, 142.9061,
3.9372, 0.0000, 142.5705,
3.7673, 0.0000, 142.2216,
3.6140, 0.0000, 141.8587,
3.4636, 0.0000, 141.4851,
3.3786, 0.0000, 141.0975,
3.2820, 0.0000, 140.7001,
3.1970, 0.0000, 140.2942,
3.1228, 0.0000, 139.8784,
3.1091, 0.0000, 139.4548,
3.1033, 0.0000, 139.0244,
3.0251, 0.0000, 138.5892,
3.0202, 0.0000, 138.1496,
3.0222, 0.0000, 137.7039,
2.9568, 0.0000, 137.2517,
2.8230, 0.0000, 136.7969,
2.7419, 0.0000, 136.3382,
2.6970, 0.0000, 135.8759,
2.6452, 0.0000, 135.4106,
2.6872, 0.0000, 134.9416,
2.7937, 0.0000, 134.4694,
2.7810, 0.0000, 133.9969,
2.8171, 0.0000, 133.5225,
2.6990, 0.0000, 133.0487,
2.7292, 0.0000, 132.5730,
2.6784, 0.0000, 132.0959,
2.6872, 0.0000, 131.6176,
2.7683, 0.0000, 131.1384,
2.8200, 0.0000, 130.6582,
2.8601, 0.0000, 130.1798,
2.8777, 0.0000, 129.7009,
2.8386, 0.0000, 129.2242,
2.7449, 0.0000, 128.7475,
2.7634, 0.0000, 128.2708,
2.7585, 0.0000, 127.7954,
2.7449, 0.0000, 127.3213,
2.6491, 0.0000, 126.8499,
2.6374, 0.0000, 126.3787,
2.6726, 0.0000, 125.9081,
2.6531, 0.0000, 125.4380,
2.6238, 0.0000, 124.9711,
2.6277, 0.0000, 124.5037,
2.6325, 0.0000, 124.0365,
2.6042, 0.0000, 123.5731,
2.5417, 0.0000, 123.1136,
2.5124, 0.0000, 122.6549,
2.5495, 0.0000, 122.1963,
2.5017, 0.0000, 121.7423,
2.4118, 0.0000, 121.2899,
2.4411, 0.0000, 120.8368,
2.4548, 0.0000, 120.3862,
2.4548, 0.0000, 119.9391,
2.4734, 0.0000, 119.4946,
2.4324, 0.0000, 119.0517,
2.4021, 0.0000, 118.6105,
2.3913, 0.0000, 118.1721,
2.2898, 0.0000, 117.7384,
2.2234, 0.0000, 117.3057,
2.2605, 0.0000, 116.8737,
2.2038, 0.0000, 116.4457,
2.2107, 0.0000, 116.0177,
2.1833, 0.0000, 115.5941,
2.0886, 0.0000, 115.1734,
2.1238, 0.0000, 114.7515,
2.0974, 0.0000, 114.3334,
2.0408, 0.0000, 113.9219,
2.0456, 0.0000, 113.5085,
1.9890, 0.0000, 113.0989,
1.9470, 0.0000, 112.6950,
1.8845, 0.0000, 112.2929,
1.8445, 0.0000, 111.8895,
1.8708, 0.0000, 111.4891,
1.8230, 0.0000, 111.0908,
1.7790, 0.0000, 110.6958,
1.7429, 0.0000, 110.3025,
1.6726, 0.0000, 109.9115,
1.6316, 0.0000, 109.5220,
1.5974, 0.0000, 109.1358,
1.6023, 0.0000, 108.7531,
1.5564, 0.0000, 108.3724,
1.5105, 0.0000, 107.9937,
1.4675, 0.0000, 107.6170,
1.4773, 0.0000, 107.2418,
1.4636, 0.0000, 106.8692,
1.4109, 0.0000, 106.4982,
1.4187, 0.0000, 106.1313,
1.3699, 0.0000, 105.7661,
1.3191, 0.0000, 105.4030,
1.2771, 0.0000, 105.0417,
1.2468, 0.0000, 104.6819,
1.2195, 0.0000, 104.3257,
1.2126, 0.0000, 103.9711,
1.1794, 0.0000, 103.6187,
1.1618, 0.0000, 103.2682,
1.1033, 0.0000, 102.9200,
1.0935, 0.0000, 102.5735,
1.0837, 0.0000, 102.2300,
1.0173, 0.0000, 101.8882,
0.9949, 0.0000, 101.5494,
0.9656, 0.0000, 101.2123,
0.9460, 0.0000, 100.8755,
0.9226, 0.0000, 100.5414,
0.9353, 0.0000, 100.2094,
0.8640, 0.0000, 99.8800,
0.8591, 0.0000, 99.5523,
0.8103, 0.0000, 99.2274,
0.7741, 0.0000, 98.9040,
0.7634, 0.0000, 98.5819,
0.7556, 0.0000, 98.2616,
0.7409, 0.0000, 97.9429,
0.7077, 0.0000, 97.6266,
0.7107, 0.0000, 97.3115,
0.6433, 0.0000, 96.9990,
0.6081, 0.0000, 96.6878,
0.5740, 0.0000, 96.3769,
0.5847, 0.0000, 96.0687,
0.5124, 0.0000, 95.7640,
0.4890, 0.0000, 95.4603,
0.4900, 0.0000, 95.1587,
0.4450, 0.0000, 94.8576,
0.4314, 0.0000, 94.5575,
0.4187, 0.0000, 94.2610,
0.3991, 0.0000, 93.9664,
0.3601, 0.0000, 93.6731,
0.3493, 0.0000, 93.3815,
0.3210, 0.0000, 93.0917,
0.3064, 0.0000, 92.8028,
0.3288, 0.0000, 92.5147,
0.3064, 0.0000, 92.2287,
0.2966, 0.0000, 91.9454,
0.2654, 0.0000, 91.6632,
0.2527, 0.0000, 91.3826,
0.2546, 0.0000, 91.1028,
0.2331, 0.0000, 90.8256,
0.1970, 0.0000, 90.5488,
0.1745, 0.0000, 90.2742,
0.1628, 0.0000, 90.0002,
0.1472, 0.0000, 89.7285,
0.1491, 0.0000, 89.4582,
0.1189, 0.0000, 89.1905,
0.0993, 0.0000, 88.9225,
0.1218, 0.0000, 88.6545,
0.1052, 0.0000, 88.3903,
0.0661, 0.0000, 88.1272,
0.0408, 0.0000, 87.8649,
0.0447, 0.0000, 87.6046,
0.0193, 0.0000, 87.3458,
0.0368, 0.0000, 87.0891,
0.0154, 0.0000, 86.8332,
0.0036, 0.0000, 86.5777,
0.0163, 0.0000, 86.3206,
0.0124, 0.0000, 86.0666,
-0.0012, 0.0000, 85.8156,
-0.0247, 0.0000, 85.5682,
-0.0491, 0.0000, 85.3202,
-0.0550, 0.0000, 85.0731,
-0.0823, 0.0000, 84.8270,
-0.1194, 0.0000, 84.5829,
-0.1194, 0.0000, 84.3398,
-0.1223, 0.0000, 84.0974,
-0.1253, 0.0000, 83.8559,
-0.1360, 0.0000, 83.6157,
-0.1624, 0.0000, 83.3769,
-0.1458, 0.0000, 83.1397,
-0.1663, 0.0000, 82.9036,
-0.1907, 0.0000, 82.6694,
-0.2141, 0.0000, 82.4360,
-0.2132, 0.0000, 82.2037,
-0.2229, 0.0000, 81.9732,
-0.2405, 0.0000, 81.7440,
-0.2522, 0.0000, 81.5157,
-0.2659, 0.0000, 81.2879,
-0.2649, 0.0000, 81.0617,
-0.2786, 0.0000, 80.8375,
-0.2952, 0.0000, 80.6140,
-0.2796, 0.0000, 80.3912,
-0.2796, 0.0000, 80.1696,
-0.2796, 0.0000, 79.9491,
-0.3069, 0.0000, 79.7304,
-0.3079, 0.0000, 79.5118,
-0.2942, 0.0000, 79.2938,
-0.3118, 0.0000, 79.0773,
-0.3098, 0.0000, 78.8621,
-0.3333, 0.0000, 78.6479,
-0.3391, 0.0000, 78.4342,
-0.3489, 0.0000, 78.2222,
-0.3714, 0.0000, 78.0113,
-0.3626, 0.0000, 77.8011,
-0.3694, 0.0000, 77.5918,
-0.3645, 0.0000, 77.3828,
-0.3997, 0.0000, 77.1761,
-0.3948, 0.0000, 76.9700,
-0.3831, 0.0000, 76.7647,
-0.3919, 0.0000, 76.5601,
-0.4251, 0.0000, 76.3567,
-0.4280, 0.0000, 76.1544,
-0.4270, 0.0000, 75.9529,
-0.4378, 0.0000, 75.7532,
-0.4417, 0.0000, 75.5552,
-0.4407, 0.0000, 75.3572,
-0.4426, 0.0000, 75.1608,
-0.4622, 0.0000, 74.9648,
-0.4671, 0.0000, 74.7687,
-0.4671, 0.0000, 74.5740,
-0.4690, 0.0000, 74.3808,
-0.4632, 0.0000, 74.1886,
-0.4622, 0.0000, 73.9967,
-0.4973, 0.0000, 73.8062,
-0.5071, 0.0000, 73.6172,
-0.4885, 0.0000, 73.4288,
-0.5130, 0.0000, 73.2416,
-0.5012, 0.0000, 73.0551,
-0.5042, 0.0000, 72.8696,
-0.5051, 0.0000, 72.6852,
-0.5003, 0.0000, 72.5019,
-0.5218, 0.0000, 72.3192,
-0.5247, 0.0000, 72.1369,
-0.5305, 0.0000, 71.9555,
-0.5530, 0.0000, 71.7763,
-0.5491, 0.0000, 71.5968,
-0.5491, 0.0000, 71.4175,
-0.5452, 0.0000, 71.2404,
-0.5569, 0.0000, 71.0644,
-0.5559, 0.0000, 70.8893,
-0.5520, 0.0000, 70.7149,
-0.5725, 0.0000, 70.5415,
-0.5735, 0.0000, 70.3684,
-0.5589, 0.0000, 70.1964,
-0.5628, 0.0000, 70.0244,
-0.5618, 0.0000, 69.8535,
-0.5823, 0.0000, 69.6834,
-0.5774, 0.0000, 69.5143,
-0.5794, 0.0000, 69.3470,
-0.6028, 0.0000, 69.1808,
-0.6223, 0.0000, 69.0161,
-0.6038, 0.0000, 68.8521,
-0.6223, 0.0000, 68.6892,
-0.6155, 0.0000, 68.5261,
-0.6282, 0.0000, 68.3650,
-0.6467, 0.0000, 68.2050,
-0.6565, 0.0000, 68.0449,
-0.6516, 0.0000, 67.8848,
-0.6594, 0.0000, 67.7271,
-0.6594, 0.0000, 67.5703,
-0.6565, 0.0000, 67.4131,
-0.6468, 0.0000, 67.2571,
-0.6546, 0.0000, 67.1020,
-0.6575, 0.0000, 66.9478,
-0.6575, 0.0000, 66.7946,
-0.6487, 0.0000, 66.6419,
-0.6585, 0.0000, 66.4893,
-0.6536, 0.0000, 66.3378,
-0.6565, 0.0000, 66.1875,
-0.6546, 0.0000, 66.0375,
-0.6516, 0.0000, 65.8885,
-0.6575, 0.0000, 65.7404,
-0.6682, 0.0000, 65.5927,
-0.6702, 0.0000, 65.4453,
-0.6741, 0.0000, 65.2992,
-0.6702, 0.0000, 65.1540,
-0.6760, 0.0000, 65.0089,
-0.6692, 0.0000, 64.8646,
-0.6614, 0.0000, 64.7217,
-0.6770, 0.0000, 64.5790,
-0.6682, 0.0000, 64.4365,
-0.6770, 0.0000, 64.2949,
-0.6770, 0.0000, 64.1546,
-0.6760, 0.0000, 64.0142,
-0.6800, 0.0000, 63.8740,
-0.6770, 0.0000, 63.7352,
-0.6819, 0.0000, 63.5978,
-0.6731, 0.0000, 63.4609,
-0.6731, 0.0000, 63.3244,
-0.6800, 0.0000, 63.1879,
-0.6800, 0.0000, 63.0529,
-0.6800, 0.0000, 62.9189,
-0.6858, 0.0000, 62.7853,
-0.6829, 0.0000, 62.6519,
-0.6790, 0.0000, 62.5193,
-0.6692, 0.0000, 62.3874,
-0.6800, 0.0000, 62.2564,
-0.6692, 0.0000, 62.1258,
-0.6673, 0.0000, 61.9960,
-0.6604, 0.0000, 61.8664,
-0.6634, 0.0000, 61.7377,
-0.6614, 0.0000, 61.6104,
-0.6575, 0.0000, 61.4832,
-0.6614, 0.0000, 61.3563,
-0.6663, 0.0000, 61.2299,
-0.6702, 0.0000, 61.1039,
-0.6516, 0.0000, 60.9783,
-0.6409, 0.0000, 60.8534,
-0.6497, 0.0000, 60.7293,
-0.6399, 0.0000, 60.6063,
-0.6536, 0.0000, 60.4836,
-0.6653, 0.0000, 60.3614,
-0.6419, 0.0000, 60.2399,
-0.6428, 0.0000, 60.1191,
-0.6458, 0.0000, 59.9991,
-0.6555, 0.0000, 59.8795,
-0.6507, 0.0000, 59.7605,
-0.6448, 0.0000, 59.6426,
-0.6458, 0.0000, 59.5247,
-0.6536, 0.0000, 59.4073,
-0.6448, 0.0000, 59.2911,
-0.6458, 0.0000, 59.1753,
-0.6438, 0.0000, 59.0601,
-0.6536, 0.0000, 58.9456,
-0.6497, 0.0000, 58.8316,
-0.6477, 0.0000, 58.7183,
-0.6604, 0.0000, 58.6055,
-0.6634, 0.0000, 58.4935,
-0.6565, 0.0000, 58.3815,
-0.6712, 0.0000, 58.2703,
-0.6712, 0.0000, 58.1598,
-0.6702, 0.0000, 58.0496,
-0.6790, 0.0000, 57.9396,
-0.6741, 0.0000, 57.8302,
-0.6731, 0.0000, 57.7218,
-0.6780, 0.0000, 57.6137,
-0.6770, 0.0000, 57.5059,
-0.6858, 0.0000, 57.3982,
-0.6848, 0.0000, 57.2912,
-0.6995, 0.0000, 57.1852,
-0.6956, 0.0000, 57.0798,
-0.6887, 0.0000, 56.9747,
-0.6800, 0.0000, 56.8693,
-0.6956, 0.0000, 56.7649,
-1.1009, 0.0000, 56.6830,
-1.5940, 0.0000, 25.9771,
-1.6282, 0.0000, 25.9797,
-1.6204, 0.0000, 25.9816,
-1.6223, 0.0000, 25.9829,
-1.6243, 0.0000, 25.9840,
-1.6253, 0.0000, 25.9848,
-1.6214, 0.0000, 25.9857,
-1.6214, 0.0000, 25.9865,
-1.6194, 0.0000, 25.9872,
-1.6175, 0.0000, 25.9879,
-1.6135, 0.0000, 25.9886,
-1.6126, 0.0000, 25.9892,
-1.6116, 0.0000, 25.9898,
-1.6106, 0.0000, 25.9904,
-1.6067, 0.0000, 25.9910,
-1.6057, 0.0000, 25.9915,
-1.6067, 0.0000, 25.9920,
-1.6087, 0.0000, 25.9926,
-1.6087, 0.0000, 25.9931,
-1.6077, 0.0000, 25.9936,
-1.6077, 0.0000, 25.9941,
-1.6048, 0.0000, 25.9945,
-1.6028, 0.0000, 25.9950,
-1.5989, 0.0000, 25.9955,
-1.5989, 0.0000, 25.9960,
-1.6018, 0.0000, 25.9964,
-1.5969, 0.0000, 25.9968,
-1.5999, 0.0000, 25.9972,
-1.5989, 0.0000, 25.9976,
-1.5969, 0.0000, 25.9981,
-1.5989, 0.0000, 25.9985,
-1.6028, 0.0000, 25.9989,
-1.5999, 0.0000, 25.9994,
-1.6038, 0.0000, 25.9999,
-1.5979, 0.0000, 26.0004,
-1.6009, 0.0000, 26.0010,
-1.6018, 0.0000, 26.0015,
-1.5989, 0.0000, 26.0020,
-1.5979, 0.0000, 26.0024,
-1.6018, 0.0000, 26.0029,
-1.5999, 0.0000, 26.0033,
-1.5960, 0.0000, 26.0037,
-1.5969, 0.0000, 26.0042,
 -1.5969,	  0.0000,	 26.0045,	
 -1.5969,	  0.0000,	 26.0050,	
 -1.5989,	  0.0000,	 26.0054,	
